<?xml version="1.0" encoding="UTF-8"?>
<!-- Generated by org.testng.reporters.JUnitXMLReporter -->
<testsuite ignored="0" hostname="hdc3-l-151cjvv" failures="1" tests="2" name="Test" time="96.406" errors="0" timestamp="2026-06-17T12:38:14 IST">
  <testcase classname="testCases.TC1_AccountRegistrationTest" name="verify_account_registration" time="32.765">
    <failure type="java.lang.AssertionError" message="expected [Your Account Has Been Created!] but found [no such element: Unable to locate element: {&amp;quot;method&amp;quot;:&amp;quot;xpath&amp;quot;,&amp;quot;selector&amp;quot;:&amp;quot;//h1[normalize-space()=&amp;apos;Your Account Has Been Created!&amp;apos;]&amp;quot;}
  (Session info: chrome=149.0.7827.55)
For documentation on this error, please visit: https://www.selenium.dev/documentation/webdriver/troubleshooting/errors#nosuchelementexception
Build info: version: &amp;apos;4.44.0&amp;apos;, revision: &amp;apos;da2039b&amp;apos;
System info: os.name: &amp;apos;Windows 11&amp;apos;, os.arch: &amp;apos;amd64&amp;apos;, os.version: &amp;apos;10.0&amp;apos;, java.version: &amp;apos;25.0.2&amp;apos;
Driver info: org.openqa.selenium.chrome.ChromeDriver
Command: [17667972ee3ed475ea04ffd352e2df5f, findElement {value=//h1[normalize-space()=&amp;apos;Your Account Has Been Created!&amp;apos;], using=xpath}]
Capabilities {acceptInsecureCerts: false, browserName: chrome, browserVersion: 149.0.7827.55, chrome: {chromedriverVersion: 149.0.7827.155 (07b52360cc1..., userDataDir: C:\Users\VISWAS~1.VAK\AppDa...}, fedcm:accounts: true, goog:chromeOptions: {debuggerAddress: localhost:62019}, goog:processID: 63348, networkConnectionEnabled: false, pageLoadStrategy: normal, platformName: windows, proxy: Proxy(), se:cdp: ws://localhost:62019/devtoo..., se:cdpVersion: 149.0.7827.55, setWindowRect: true, strictFileInteractability: false, timeouts: {implicit: 0, pageLoad: 300000, script: 30000}, unhandledPromptBehavior: dismiss and notify, webauthn:extension:credBlob: true, webauthn:extension:largeBlob: true, webauthn:extension:minPinLength: true, webauthn:extension:prf: true, webauthn:virtualAuthenticators: true}
Session ID: 17667972ee3ed475ea04ffd352e2df5f]">
      <![CDATA[java.lang.AssertionError: expected [Your Account Has Been Created!] but found [no such element: Unable to locate element: {"method":"xpath","selector":"//h1[normalize-space()='Your Account Has Been Created!']"}
  (Session info: chrome=149.0.7827.55)
For documentation on this error, please visit: https://www.selenium.dev/documentation/webdriver/troubleshooting/errors#nosuchelementexception
Build info: version: '4.44.0', revision: 'da2039b'
System info: os.name: 'Windows 11', os.arch: 'amd64', os.version: '10.0', java.version: '25.0.2'
Driver info: org.openqa.selenium.chrome.ChromeDriver
Command: [17667972ee3ed475ea04ffd352e2df5f, findElement {value=//h1[normalize-space()='Your Account Has Been Created!'], using=xpath}]
Capabilities {acceptInsecureCerts: false, browserName: chrome, browserVersion: 149.0.7827.55, chrome: {chromedriverVersion: 149.0.7827.155 (07b52360cc1..., userDataDir: C:\Users\VISWAS~1.VAK\AppDa...}, fedcm:accounts: true, goog:chromeOptions: {debuggerAddress: localhost:62019}, goog:processID: 63348, networkConnectionEnabled: false, pageLoadStrategy: normal, platformName: windows, proxy: Proxy(), se:cdp: ws://localhost:62019/devtoo..., se:cdpVersion: 149.0.7827.55, setWindowRect: true, strictFileInteractability: false, timeouts: {implicit: 0, pageLoad: 300000, script: 30000}, unhandledPromptBehavior: dismiss and notify, webauthn:extension:credBlob: true, webauthn:extension:largeBlob: true, webauthn:extension:minPinLength: true, webauthn:extension:prf: true, webauthn:virtualAuthenticators: true}
Session ID: 17667972ee3ed475ea04ffd352e2df5f]
at testCases.TC1_AccountRegistrationTest.verify_account_registration(TC1_AccountRegistrationTest.java:43)
at java.base/java.util.ArrayList.forEach(ArrayList.java:1604)
... Removed 35 stack frames]]>
    </failure>
  </testcase> <!-- verify_account_registration -->
  <testcase classname="testCases.TC2_LoginTest" name="verify_login" time="3.42"/>
</testsuite> <!-- Test -->
