<?xml version="1.0" encoding="UTF-8"?>
<!-- Generated by org.testng.reporters.JUnitXMLReporter -->
<testsuite ignored="0" hostname="hdc3-l-151cjvv" failures="3" tests="6" name="Test" time="64.828" errors="0" timestamp="2026-06-12T22:51:39 IST">
  <testcase classname="testCases.TC3_LoginDDT" name="verify_loginDDT" time="13.243">
    <failure type="java.lang.AssertionError" message="expected [true] but found [false]">
      <![CDATA[java.lang.AssertionError: expected [true] but found [false]
at testCases.TC3_LoginDDT.verify_loginDDT(TC3_LoginDDT.java:48)
at java.base/java.util.ArrayList.forEach(ArrayList.java:1604)
... Removed 29 stack frames]]>
    </failure>
  </testcase> <!-- verify_loginDDT -->
  <testcase classname="testCases.TC3_LoginDDT" name="verify_loginDDT" time="3.602">
    <failure type="java.lang.AssertionError" message="expected [true] but found [false]">
      <![CDATA[java.lang.AssertionError: expected [true] but found [false]
at testCases.TC3_LoginDDT.verify_loginDDT(TC3_LoginDDT.java:57)
at java.base/java.util.ArrayList.forEach(ArrayList.java:1604)
... Removed 29 stack frames]]>
    </failure>
  </testcase> <!-- verify_loginDDT -->
  <testcase classname="testCases.TC3_LoginDDT" name="verify_loginDDT" time="3.851">
    <failure type="java.lang.AssertionError" message="expected [true] but found [false]">
      <![CDATA[java.lang.AssertionError: expected [true] but found [false]
at testCases.TC3_LoginDDT.verify_loginDDT(TC3_LoginDDT.java:57)
at java.base/java.util.ArrayList.forEach(ArrayList.java:1604)
... Removed 29 stack frames]]>
    </failure>
  </testcase> <!-- verify_loginDDT -->
  <testcase classname="testCases.TC3_LoginDDT" name="verify_loginDDT" time="12.042"/>
  <testcase classname="testCases.TC3_LoginDDT" name="verify_loginDDT" time="3.631"/>
  <testcase classname="testCases.TC3_LoginDDT" name="verify_loginDDT" time="3.609"/>
</testsuite> <!-- Test -->
