<?xml version="1.0" encoding="UTF-8"?>
<testng-results ignored="0" total="2" passed="2" failed="0" skipped="0">
  <reporter-output>
  </reporter-output>
  <suite started-at="2026-06-14T19:33:23 IST" name="Master Suite" finished-at="2026-06-14T19:33:46 IST" duration-ms="22217">
    <groups>
      <group name="Master">
        <method signature="TC1_AccountRegistrationTest.verify_account_registration()[pri:0, instance:testCases.TC1_AccountRegistrationTest@5ffead27]" name="verify_account_registration" class="testCases.TC1_AccountRegistrationTest"/>
        <method signature="TC2_LoginTest.verify_login()[pri:0, instance:testCases.TC2_LoginTest@4f6ee6e4]" name="verify_login" class="testCases.TC2_LoginTest"/>
      </group> <!-- Master -->
      <group name="Sanity">
        <method signature="TC1_AccountRegistrationTest.verify_account_registration()[pri:0, instance:testCases.TC1_AccountRegistrationTest@5ffead27]" name="verify_account_registration" class="testCases.TC1_AccountRegistrationTest"/>
      </group> <!-- Sanity -->
      <group name="Regression">
        <method signature="TC2_LoginTest.verify_login()[pri:0, instance:testCases.TC2_LoginTest@4f6ee6e4]" name="verify_login" class="testCases.TC2_LoginTest"/>
      </group> <!-- Regression -->
    </groups>
    <test started-at="2026-06-14T19:33:23 IST" name="Test" finished-at="2026-06-14T19:33:46 IST" duration-ms="22217">
      <class name="testCases.TC1_AccountRegistrationTest">
        <test-method is-config="true" signature="setup(java.lang.String,java.lang.String)[pri:0, instance:testCases.TC1_AccountRegistrationTest@5ffead27]" started-at="2026-06-14T19:33:24 IST" name="setup" finished-at="2026-06-14T19:33:33 IST" duration-ms="9357" status="PASS">
          <params>
            <param index="0">
              <value>
                <![CDATA[Windows]]>
              </value>
            </param>
            <param index="1">
              <value>
                <![CDATA[chrome]]>
              </value>
            </param>
          </params>
          <reporter-output>
          </reporter-output>
        </test-method> <!-- setup -->
        <test-method signature="verify_account_registration()[pri:0, instance:testCases.TC1_AccountRegistrationTest@5ffead27]" started-at="2026-06-14T19:33:33 IST" name="verify_account_registration" finished-at="2026-06-14T19:33:36 IST" duration-ms="2617" status="PASS">
          <reporter-output>
          </reporter-output>
        </test-method> <!-- verify_account_registration -->
        <test-method is-config="true" signature="tearDown()[pri:0, instance:testCases.TC1_AccountRegistrationTest@5ffead27]" started-at="2026-06-14T19:33:36 IST" name="tearDown" finished-at="2026-06-14T19:33:36 IST" duration-ms="257" status="PASS">
          <reporter-output>
          </reporter-output>
        </test-method> <!-- tearDown -->
      </class> <!-- testCases.TC1_AccountRegistrationTest -->
      <class name="testCases.TC2_LoginTest">
        <test-method is-config="true" signature="setup(java.lang.String,java.lang.String)[pri:0, instance:testCases.TC2_LoginTest@4f6ee6e4]" started-at="2026-06-14T19:33:36 IST" name="setup" finished-at="2026-06-14T19:33:44 IST" duration-ms="7626" status="PASS">
          <params>
            <param index="0">
              <value>
                <![CDATA[Windows]]>
              </value>
            </param>
            <param index="1">
              <value>
                <![CDATA[chrome]]>
              </value>
            </param>
          </params>
          <reporter-output>
          </reporter-output>
        </test-method> <!-- setup -->
        <test-method signature="verify_login()[pri:0, instance:testCases.TC2_LoginTest@4f6ee6e4]" started-at="2026-06-14T19:33:44 IST" name="verify_login" finished-at="2026-06-14T19:33:45 IST" duration-ms="1833" status="PASS">
          <reporter-output>
          </reporter-output>
        </test-method> <!-- verify_login -->
        <test-method is-config="true" signature="tearDown()[pri:0, instance:testCases.TC2_LoginTest@4f6ee6e4]" started-at="2026-06-14T19:33:45 IST" name="tearDown" finished-at="2026-06-14T19:33:46 IST" duration-ms="226" status="PASS">
          <reporter-output>
          </reporter-output>
        </test-method> <!-- tearDown -->
      </class> <!-- testCases.TC2_LoginTest -->
    </test> <!-- Test -->
  </suite> <!-- Master Suite -->
</testng-results>
